rm -rf stamps/build-dejagnu build-dejagnu
mkdir build-dejagnu
cd build-dejagnu && /home/ljw/RISCV/riscv-gnu-toolchain/build/newlib/../../riscv-dejagnu/configure \
	--prefix=/home/ljw/RISCV/newlib
checking for a BSD-compatible install... /usr/bin/install -c
checking whether build environment is sane... yes
checking for a thread-safe mkdir -p... /usr/bin/mkdir -p
checking for gawk... /usr/bin/gawk
checking whether make sets $(MAKE)... yes
checking whether make supports nested variables... yes
checking whether to enable maintainer-specific portions of Makefiles... no
checking whether make sets $(MAKE)... (cached) yes
checking for gcc... gcc
checking whether the C compiler works... yes
checking for C compiler default output file name... a.out
checking for suffix of executables... 
checking whether we are cross compiling... no
checking for suffix of object files... o
checking whether we are using the GNU C compiler... yes
checking whether gcc accepts -g... yes
checking for gcc option to accept ISO C89... none needed
checking whether gcc understands -c and -o together... yes
checking for style of include used by make... GNU
checking dependency style of gcc... gcc3
checking for g++... g++
checking whether we are using the GNU C++ compiler... yes
checking whether g++ accepts -g... yes
checking dependency style of g++... gcc3
checking for expect... /usr/bin/expect
checking Tcl version 8.5 or greater... yes
checking that generated files are newer than configure... done
configure: creating ./config.status
config.status: creating Makefile
config.status: executing depfiles commands
make -C build-dejagnu
make[1]: Entering directory '/home/ljw/RISCV/riscv-gnu-toolchain/build/newlib/build-dejagnu'
restore=: && backupdir=".am$$" && \
am__cwd=`pwd` && CDPATH="${ZSH_VERSION+.}:" && cd /home/ljw/RISCV/riscv-gnu-toolchain/build/newlib/../../riscv-dejagnu && \
rm -rf $backupdir && mkdir $backupdir && \
if (/bin/bash /home/ljw/RISCV/riscv-gnu-toolchain/riscv-dejagnu/missing makeinfo --version) >/dev/null 2>&1; then \
  for f in /home/ljw/RISCV/riscv-gnu-toolchain/build/newlib/../../riscv-dejagnu/doc/dejagnu.info /home/ljw/RISCV/riscv-gnu-toolchain/build/newlib/../../riscv-dejagnu/doc/dejagnu.info-[0-9] /home/ljw/RISCV/riscv-gnu-toolchain/build/newlib/../../riscv-dejagnu/doc/dejagnu.info-[0-9][0-9] /home/ljw/RISCV/riscv-gnu-toolchain/build/newlib/../../riscv-dejagnu/doc/dejagnu.i[0-9] /home/ljw/RISCV/riscv-gnu-toolchain/build/newlib/../../riscv-dejagnu/doc/dejagnu.i[0-9][0-9]; do \
    if test -f $f; then mv $f $backupdir; restore=mv; else :; fi; \
  done; \
else :; fi && \
cd "$am__cwd"; \
if /bin/bash /home/ljw/RISCV/riscv-gnu-toolchain/riscv-dejagnu/missing makeinfo   -I doc -I /home/ljw/RISCV/riscv-gnu-toolchain/build/newlib/../../riscv-dejagnu/doc \
 -o /home/ljw/RISCV/riscv-gnu-toolchain/build/newlib/../../riscv-dejagnu/doc/dejagnu.info /home/ljw/RISCV/riscv-gnu-toolchain/build/newlib/../../riscv-dejagnu/doc/dejagnu.texi; \
then \
  rc=0; \
  CDPATH="${ZSH_VERSION+.}:" && cd /home/ljw/RISCV/riscv-gnu-toolchain/build/newlib/../../riscv-dejagnu; \
else \
  rc=$?; \
  CDPATH="${ZSH_VERSION+.}:" && cd /home/ljw/RISCV/riscv-gnu-toolchain/build/newlib/../../riscv-dejagnu && \
  $restore $backupdir/* `echo ".//home/ljw/RISCV/riscv-gnu-toolchain/build/newlib/../../riscv-dejagnu/doc/dejagnu.info" | sed 's|[^/]*$||'`; \
fi; \
rm -rf $backupdir; exit $rc
Done. Now run 'make install'.
make[1]: Leaving directory '/home/ljw/RISCV/riscv-gnu-toolchain/build/newlib/build-dejagnu'
make -C build-dejagnu install
make[1]: Entering directory '/home/ljw/RISCV/riscv-gnu-toolchain/build/newlib/build-dejagnu'
Done. Now run 'make install'.
make[2]: Entering directory '/home/ljw/RISCV/riscv-gnu-toolchain/build/newlib/build-dejagnu'
 /usr/bin/mkdir -p '/home/ljw/RISCV/newlib/bin'
 /usr/bin/install -c /home/ljw/RISCV/riscv-gnu-toolchain/build/newlib/../../riscv-dejagnu/runtest '/home/ljw/RISCV/newlib/bin'
 /usr/bin/mkdir -p '/home/ljw/RISCV/newlib/share/dejagnu/libexec'
 /usr/bin/install -c /home/ljw/RISCV/riscv-gnu-toolchain/build/newlib/../../riscv-dejagnu/config.guess '/home/ljw/RISCV/newlib/share/dejagnu/libexec'
 /usr/bin/mkdir -p '/home/ljw/RISCV/newlib/share/dejagnu/baseboards'
 /usr/bin/install -c -m 644 /home/ljw/RISCV/riscv-gnu-toolchain/build/newlib/../../riscv-dejagnu/baseboards/README /home/ljw/RISCV/riscv-gnu-toolchain/build/newlib/../../riscv-dejagnu/baseboards/androideabi.exp /home/ljw/RISCV/riscv-gnu-toolchain/build/newlib/../../riscv-dejagnu/baseboards/am33_2.0-libremote.exp /home/ljw/RISCV/riscv-gnu-toolchain/build/newlib/../../riscv-dejagnu/baseboards/arm-ice.exp /home/ljw/RISCV/riscv-gnu-toolchain/build/newlib/../../riscv-dejagnu/baseboards/arm-sid.exp /home/ljw/RISCV/riscv-gnu-toolchain/build/newlib/../../riscv-dejagnu/baseboards/arm-sim.exp /home/ljw/RISCV/riscv-gnu-toolchain/build/newlib/../../riscv-dejagnu/baseboards/basic-sid.exp /home/ljw/RISCV/riscv-gnu-toolchain/build/newlib/../../riscv-dejagnu/baseboards/basic-sim.exp /home/ljw/RISCV/riscv-gnu-toolchain/build/newlib/../../riscv-dejagnu/baseboards/cris-sim.exp /home/ljw/RISCV/riscv-gnu-toolchain/build/newlib/../../riscv-dejagnu/baseboards/d30v-sim.exp /home/ljw/RISCV/riscv-gnu-toolchain/build/newlib/../../riscv-dejagnu/baseboards/fr30-sim.exp /home/ljw/RISCV/riscv-gnu-toolchain/build/newlib/../../riscv-dejagnu/baseboards/frv-sim.exp /home/ljw/RISCV/riscv-gnu-toolchain/build/newlib/../../riscv-dejagnu/baseboards/gdbserver-sample.exp /home/ljw/RISCV/riscv-gnu-toolchain/build/newlib/../../riscv-dejagnu/baseboards/i386-sid.exp /home/ljw/RISCV/riscv-gnu-toolchain/build/newlib/../../riscv-dejagnu/baseboards/iq2000-sim.exp /home/ljw/RISCV/riscv-gnu-toolchain/build/newlib/../../riscv-dejagnu/baseboards/jmr3904-sim.exp /home/ljw/RISCV/riscv-gnu-toolchain/build/newlib/../../riscv-dejagnu/baseboards/linux-gdbserver.exp /home/ljw/RISCV/riscv-gnu-toolchain/build/newlib/../../riscv-dejagnu/baseboards/linux-libremote.exp /home/ljw/RISCV/riscv-gnu-toolchain/build/newlib/../../riscv-dejagnu/baseboards/m68k-sid.exp /home/ljw/RISCV/riscv-gnu-toolchain/build/newlib/../../riscv-dejagnu/baseboards/mcore-moto-sim.exp /home/ljw/RISCV/riscv-gnu-toolchain/build/newlib/../../riscv-dejagnu/baseboards/mcore-sim.exp /home/ljw/RISCV/riscv-gnu-toolchain/build/newlib/../../riscv-dejagnu/baseboards/mips-lnews-sim.exp /home/ljw/RISCV/riscv-gnu-toolchain/build/newlib/../../riscv-dejagnu/baseboards/mips-lsi-sim.exp /home/ljw/RISCV/riscv-gnu-toolchain/build/newlib/../../riscv-dejagnu/baseboards/mips-sim-idt32.exp /home/ljw/RISCV/riscv-gnu-toolchain/build/newlib/../../riscv-dejagnu/baseboards/mips-sim-idt64.exp /home/ljw/RISCV/riscv-gnu-toolchain/build/newlib/../../riscv-dejagnu/baseboards/mips-sim.exp /home/ljw/RISCV/riscv-gnu-toolchain/build/newlib/../../riscv-dejagnu/baseboards/mips-sim-mti32.exp /home/ljw/RISCV/riscv-gnu-toolchain/build/newlib/../../riscv-dejagnu/baseboards/mips-sim-mti64.exp /home/ljw/RISCV/riscv-gnu-toolchain/build/newlib/../../riscv-dejagnu/baseboards/mips-sim-mti64_n32.exp /home/ljw/RISCV/riscv-gnu-toolchain/build/newlib/../../riscv-dejagnu/baseboards/mips-sim-mti64_64.exp /home/ljw/RISCV/riscv-gnu-toolchain/build/newlib/../../riscv-dejagnu/baseboards/mips-sim-sde32.exp /home/ljw/RISCV/riscv-gnu-toolchain/build/newlib/../../riscv-dejagnu/baseboards/mips-sim-sde64.exp /home/ljw/RISCV/riscv-gnu-toolchain/build/newlib/../../riscv-dejagnu/baseboards/mmixware-sim.exp /home/ljw/RISCV/riscv-gnu-toolchain/build/newlib/../../riscv-dejagnu/baseboards/mn10200-sim.exp /home/ljw/RISCV/riscv-gnu-toolchain/build/newlib/../../riscv-dejagnu/baseboards/mn10300-sim.exp /home/ljw/RISCV/riscv-gnu-toolchain/build/newlib/../../riscv-dejagnu/baseboards/mt-sid.exp /home/ljw/RISCV/riscv-gnu-toolchain/build/newlib/../../riscv-dejagnu/baseboards/multi-sim.exp /home/ljw/RISCV/riscv-gnu-toolchain/build/newlib/../../riscv-dejagnu/baseboards/powerpc-sim.exp /home/ljw/RISCV/riscv-gnu-toolchain/build/newlib/../../riscv-dejagnu/baseboards/powerpcle-sim.exp /home/ljw/RISCV/riscv-gnu-toolchain/build/newlib/../../riscv-dejagnu/baseboards/riscv-sim.exp '/home/ljw/RISCV/newlib/share/dejagnu/baseboards'
 /usr/bin/install -c -m 644 /home/ljw/RISCV/riscv-gnu-toolchain/build/newlib/../../riscv-dejagnu/baseboards/riscv-sim-gdb.exp /home/ljw/RISCV/riscv-gnu-toolchain/build/newlib/../../riscv-dejagnu/baseboards/riscv-sim-nano.exp /home/ljw/RISCV/riscv-gnu-toolchain/build/newlib/../../riscv-dejagnu/baseboards/rx-sim.exp /home/ljw/RISCV/riscv-gnu-toolchain/build/newlib/../../riscv-dejagnu/baseboards/sh-sid.exp /home/ljw/RISCV/riscv-gnu-toolchain/build/newlib/../../riscv-dejagnu/baseboards/sh-sim.exp /home/ljw/RISCV/riscv-gnu-toolchain/build/newlib/../../riscv-dejagnu/baseboards/sparc-sim.exp /home/ljw/RISCV/riscv-gnu-toolchain/build/newlib/../../riscv-dejagnu/baseboards/sparc64-sim.exp /home/ljw/RISCV/riscv-gnu-toolchain/build/newlib/../../riscv-dejagnu/baseboards/sparclite-sim-le.exp /home/ljw/RISCV/riscv-gnu-toolchain/build/newlib/../../riscv-dejagnu/baseboards/sparclite-sim.exp /home/ljw/RISCV/riscv-gnu-toolchain/build/newlib/../../riscv-dejagnu/baseboards/tx39-sim.exp /home/ljw/RISCV/riscv-gnu-toolchain/build/newlib/../../riscv-dejagnu/baseboards/unix.exp /home/ljw/RISCV/riscv-gnu-toolchain/build/newlib/../../riscv-dejagnu/baseboards/v850-sim.exp /home/ljw/RISCV/riscv-gnu-toolchain/build/newlib/../../riscv-dejagnu/baseboards/visium-sim.exp /home/ljw/RISCV/riscv-gnu-toolchain/build/newlib/../../riscv-dejagnu/baseboards/vr4100-sim.exp /home/ljw/RISCV/riscv-gnu-toolchain/build/newlib/../../riscv-dejagnu/baseboards/vr4111-sim.exp /home/ljw/RISCV/riscv-gnu-toolchain/build/newlib/../../riscv-dejagnu/baseboards/vr4300-sim.exp /home/ljw/RISCV/riscv-gnu-toolchain/build/newlib/../../riscv-dejagnu/baseboards/xtensa-sim.exp '/home/ljw/RISCV/newlib/share/dejagnu/baseboards'
 /usr/bin/mkdir -p '/home/ljw/RISCV/newlib/share/dejagnu/config'
 /usr/bin/install -c -m 644 /home/ljw/RISCV/riscv-gnu-toolchain/build/newlib/../../riscv-dejagnu/config/README /home/ljw/RISCV/riscv-gnu-toolchain/build/newlib/../../riscv-dejagnu/config/adb.exp /home/ljw/RISCV/riscv-gnu-toolchain/build/newlib/../../riscv-dejagnu/config/aarch64-fv8.exp /home/ljw/RISCV/riscv-gnu-toolchain/build/newlib/../../riscv-dejagnu/config/default.exp /home/ljw/RISCV/riscv-gnu-toolchain/build/newlib/../../riscv-dejagnu/config/gdb-comm.exp /home/ljw/RISCV/riscv-gnu-toolchain/build/newlib/../../riscv-dejagnu/config/gdb_stub.exp /home/ljw/RISCV/riscv-gnu-toolchain/build/newlib/../../riscv-dejagnu/config/sid.exp /home/ljw/RISCV/riscv-gnu-toolchain/build/newlib/../../riscv-dejagnu/config/sim.exp /home/ljw/RISCV/riscv-gnu-toolchain/build/newlib/../../riscv-dejagnu/config/unix.exp /home/ljw/RISCV/riscv-gnu-toolchain/build/newlib/../../riscv-dejagnu/config/vxworks.exp '/home/ljw/RISCV/newlib/share/dejagnu/config'
 /usr/bin/mkdir -p '/home/ljw/RISCV/newlib/include'
 /usr/bin/install -c -m 644 /home/ljw/RISCV/riscv-gnu-toolchain/build/newlib/../../riscv-dejagnu/dejagnu.h '/home/ljw/RISCV/newlib/include'
 /usr/bin/mkdir -p '/home/ljw/RISCV/newlib/share/info'
 /usr/bin/install -c -m 644 /home/ljw/RISCV/riscv-gnu-toolchain/build/newlib/../../riscv-dejagnu/doc/dejagnu.info '/home/ljw/RISCV/newlib/share/info'
 install-info --info-dir='/home/ljw/RISCV/newlib/share/info' '/home/ljw/RISCV/newlib/share/info/dejagnu.info'
 /usr/bin/mkdir -p '/home/ljw/RISCV/newlib/share/man/man1'
 /usr/bin/install -c -m 644 /home/ljw/RISCV/riscv-gnu-toolchain/build/newlib/../../riscv-dejagnu/doc/runtest.1 '/home/ljw/RISCV/newlib/share/man/man1'
 /usr/bin/mkdir -p '/home/ljw/RISCV/newlib/share/dejagnu'
 /usr/bin/install -c -m 644 /home/ljw/RISCV/riscv-gnu-toolchain/build/newlib/../../riscv-dejagnu/stub-loader.c /home/ljw/RISCV/riscv-gnu-toolchain/build/newlib/../../riscv-dejagnu/testglue.c /home/ljw/RISCV/riscv-gnu-toolchain/build/newlib/../../riscv-dejagnu/runtest.exp /home/ljw/RISCV/riscv-gnu-toolchain/build/newlib/../../riscv-dejagnu/lib/debugger.exp /home/ljw/RISCV/riscv-gnu-toolchain/build/newlib/../../riscv-dejagnu/lib/dejagnu.exp /home/ljw/RISCV/riscv-gnu-toolchain/build/newlib/../../riscv-dejagnu/lib/dg.exp /home/ljw/RISCV/riscv-gnu-toolchain/build/newlib/../../riscv-dejagnu/lib/framework.exp /home/ljw/RISCV/riscv-gnu-toolchain/build/newlib/../../riscv-dejagnu/lib/ftp.exp /home/ljw/RISCV/riscv-gnu-toolchain/build/newlib/../../riscv-dejagnu/lib/kermit.exp /home/ljw/RISCV/riscv-gnu-toolchain/build/newlib/../../riscv-dejagnu/lib/libgloss.exp /home/ljw/RISCV/riscv-gnu-toolchain/build/newlib/../../riscv-dejagnu/lib/remote.exp /home/ljw/RISCV/riscv-gnu-toolchain/build/newlib/../../riscv-dejagnu/lib/rlogin.exp /home/ljw/RISCV/riscv-gnu-toolchain/build/newlib/../../riscv-dejagnu/lib/rsh.exp /home/ljw/RISCV/riscv-gnu-toolchain/build/newlib/../../riscv-dejagnu/lib/standard.exp /home/ljw/RISCV/riscv-gnu-toolchain/build/newlib/../../riscv-dejagnu/lib/target.exp /home/ljw/RISCV/riscv-gnu-toolchain/build/newlib/../../riscv-dejagnu/lib/targetdb.exp /home/ljw/RISCV/riscv-gnu-toolchain/build/newlib/../../riscv-dejagnu/lib/telnet.exp /home/ljw/RISCV/riscv-gnu-toolchain/build/newlib/../../riscv-dejagnu/lib/tip.exp /home/ljw/RISCV/riscv-gnu-toolchain/build/newlib/../../riscv-dejagnu/lib/utils.exp '/home/ljw/RISCV/newlib/share/dejagnu'
make[2]: Leaving directory '/home/ljw/RISCV/riscv-gnu-toolchain/build/newlib/build-dejagnu'
make[1]: Leaving directory '/home/ljw/RISCV/riscv-gnu-toolchain/build/newlib/build-dejagnu'
mkdir -p stamps/
date > stamps/build-dejagnu
PATH="/home/ljw/RISCV/riscv-gnu-toolchain/build/newlib/../../scripts/wrapper/qemu:/home/ljw/RISCV/newlib/bin:/home/ljw/RISCV/riscv-gnu-toolchain/build/newlib/scripts/wrapper/sed:/home/ljw/RISCV/newlib/bin:/home/ljw/RISCV/b_rv64_newlib/bin/:/home/ljw/RISCV/b_rv64_newlib/bin/:/usr/local/sbin:/usr/local/bin:/usr/sbin:/usr/bin:/sbin:/bin:/usr/games:/usr/local/games:/snap/bin" RISC_V_SYSROOT="/home/ljw/RISCV/newlib/sysroot" make -C build-gcc-newlib-stage2 check-gcc "RUNTESTFLAGS=--target_board='riscv-sim/-march=rv64imafdc/-mabi=lp64d/-mcmodel=medlow'"
make[1]: Entering directory '/home/ljw/RISCV/riscv-gnu-toolchain/build/newlib/build-gcc-newlib-stage2'
make[2]: Entering directory '/home/ljw/RISCV/riscv-gnu-toolchain/build/newlib/build-gcc-newlib-stage2/gcc'
Making a new config file...
echo "set tmpdir /home/ljw/RISCV/riscv-gnu-toolchain/build/newlib/build-gcc-newlib-stage2/gcc/testsuite" >> ./site.tmp
rm -rf testsuite/gcc-parallel
make[3]: Entering directory '/home/ljw/RISCV/riscv-gnu-toolchain/build/newlib/build-gcc-newlib-stage2/gcc'
(rootme=`${PWDCMD-pwd}`; export rootme; \
srcdir=`cd ../../../../riscv-gcc/gcc; ${PWDCMD-pwd}` ; export srcdir ; \
if [ -n "" ] \
   && [ -n "$GCC_RUNTEST_PARALLELIZE_DIR" ] \
   && [ -f testsuite/gcc-parallel/finished ]; then \
  rm -rf testsuite/gcc; \
else \
  cd testsuite/gcc; \
  rm -f tmp-site.exp; \
  sed '/set tmpdir/ s|testsuite$|testsuite/gcc|' \
	< ../../site.exp > tmp-site.exp; \
  /bin/bash ${srcdir}/../move-if-change tmp-site.exp site.exp; \
  EXPECT=`if [ -f ${rootme}/../expect/expect ] ; then echo ${rootme}/../expect/expect ; else echo expect ; fi` ; export EXPECT ; \
  if [ -f ${rootme}/../expect/expect ] ; then  \
    TCL_LIBRARY=`cd .. ; cd ${srcdir}/../tcl/library ; ${PWDCMD-pwd}` ; \
    export TCL_LIBRARY ; \
  fi ; \
  `if [ -f ${srcdir}/../dejagnu/runtest ] ; then echo ${srcdir}/../dejagnu/runtest ; else echo runtest; fi` --tool gcc --target_board='riscv-sim/-march=rv64imafdc/-mabi=lp64d/-mcmodel=medlow'; \
  if [ -n "$GCC_RUNTEST_PARALLELIZE_DIR" ] ; then \
    touch ${rootme}/testsuite/gcc-parallel/finished; \
  fi ; \
fi )
WARNING: Couldn't find the global config file.
Test run by ljw on Tue Jul 20 12:10:38 2021
Target is riscv64-unknown-elf
Host   is x86_64-pc-linux-gnu

		=== gcc tests ===

Schedule of variations:
    riscv-sim/-march=rv64imafdc/-mabi=lp64d/-mcmodel=medlow

Running target riscv-sim/-march=rv64imafdc/-mabi=lp64d/-mcmodel=medlow
Using /home/ljw/RISCV/newlib/share/dejagnu/baseboards/riscv-sim.exp as board description file for target.
Using /home/ljw/RISCV/newlib/share/dejagnu/config/sim.exp as generic interface file for target.
Using /home/ljw/RISCV/newlib/share/dejagnu/baseboards/basic-sim.exp as board description file for target.
Using /home/ljw/RISCV/riscv-gnu-toolchain/riscv-gcc/gcc/testsuite/config/default.exp as tool-and-target-specific interface file.
Running /home/ljw/RISCV/riscv-gnu-toolchain/riscv-gcc/gcc/testsuite/gcc.c-torture/compile/compile.exp ...
Running /home/ljw/RISCV/riscv-gnu-toolchain/riscv-gcc/gcc/testsuite/gcc.c-torture/execute/builtins/builtins.exp ...
Running /home/ljw/RISCV/riscv-gnu-toolchain/riscv-gcc/gcc/testsuite/gcc.c-torture/execute/execute.exp ...
FAIL: gcc.c-torture/execute/fprintf-2.c   -O0  execution test
FAIL: gcc.c-torture/execute/fprintf-2.c   -O1  execution test
FAIL: gcc.c-torture/execute/fprintf-2.c   -O2  execution test
FAIL: gcc.c-torture/execute/fprintf-2.c   -O3 -g  execution test
FAIL: gcc.c-torture/execute/fprintf-2.c   -Os  execution test
FAIL: gcc.c-torture/execute/fprintf-2.c   -O2 -flto -fno-use-linker-plugin -flto-partition=none  execution test
FAIL: gcc.c-torture/execute/fprintf-2.c   -O2 -flto -fuse-linker-plugin -fno-fat-lto-objects  execution test
FAIL: gcc.c-torture/execute/printf-2.c   -O0  execution test
FAIL: gcc.c-torture/execute/printf-2.c   -O1  execution test
FAIL: gcc.c-torture/execute/printf-2.c   -O2  execution test
FAIL: gcc.c-torture/execute/printf-2.c   -O3 -g  execution test
FAIL: gcc.c-torture/execute/printf-2.c   -Os  execution test
FAIL: gcc.c-torture/execute/printf-2.c   -O2 -flto -fno-use-linker-plugin -flto-partition=none  execution test
FAIL: gcc.c-torture/execute/printf-2.c   -O2 -flto -fuse-linker-plugin -fno-fat-lto-objects  execution test
FAIL: gcc.c-torture/execute/user-printf.c   -O0  execution test
FAIL: gcc.c-torture/execute/user-printf.c   -O1  execution test
FAIL: gcc.c-torture/execute/user-printf.c   -O2  execution test
FAIL: gcc.c-torture/execute/user-printf.c   -O3 -fomit-frame-pointer -funroll-loops -fpeel-loops -ftracer -finline-functions  execution test
FAIL: gcc.c-torture/execute/user-printf.c   -O3 -g  execution test
FAIL: gcc.c-torture/execute/user-printf.c   -Os  execution test
FAIL: gcc.c-torture/execute/user-printf.c   -O2 -flto -fno-use-linker-plugin -flto-partition=none  execution test
FAIL: gcc.c-torture/execute/user-printf.c   -O2 -flto -fuse-linker-plugin -fno-fat-lto-objects  execution test
Running /home/ljw/RISCV/riscv-gnu-toolchain/riscv-gcc/gcc/testsuite/gcc.c-torture/execute/ieee/ieee.exp ...
Running /home/ljw/RISCV/riscv-gnu-toolchain/riscv-gcc/gcc/testsuite/gcc.c-torture/unsorted/unsorted.exp ...
Running /home/ljw/RISCV/riscv-gnu-toolchain/riscv-gcc/gcc/testsuite/gcc.dg/analyzer/analyzer.exp ...
Running /home/ljw/RISCV/riscv-gnu-toolchain/riscv-gcc/gcc/testsuite/gcc.dg/analyzer/torture/analyzer-torture.exp ...
Running /home/ljw/RISCV/riscv-gnu-toolchain/riscv-gcc/gcc/testsuite/gcc.dg/asan/asan.exp ...
Running /home/ljw/RISCV/riscv-gnu-toolchain/riscv-gcc/gcc/testsuite/gcc.dg/atomic/atomic.exp ...
Running /home/ljw/RISCV/riscv-gnu-toolchain/riscv-gcc/gcc/testsuite/gcc.dg/autopar/autopar.exp ...
Running /home/ljw/RISCV/riscv-gnu-toolchain/riscv-gcc/gcc/testsuite/gcc.dg/charset/charset.exp ...
Running /home/ljw/RISCV/riscv-gnu-toolchain/riscv-gcc/gcc/testsuite/gcc.dg/compat/compat.exp ...
Running /home/ljw/RISCV/riscv-gnu-toolchain/riscv-gcc/gcc/testsuite/gcc.dg/compat/struct-layout-1.exp ...
Running /home/ljw/RISCV/riscv-gnu-toolchain/riscv-gcc/gcc/testsuite/gcc.dg/cpp/cpp.exp ...
Running /home/ljw/RISCV/riscv-gnu-toolchain/riscv-gcc/gcc/testsuite/gcc.dg/cpp/trad/trad.exp ...
Running /home/ljw/RISCV/riscv-gnu-toolchain/riscv-gcc/gcc/testsuite/gcc.dg/debug/debug.exp ...
Running /home/ljw/RISCV/riscv-gnu-toolchain/riscv-gcc/gcc/testsuite/gcc.dg/debug/dwarf2/dwarf2.exp ...
FAIL: gcc.dg/debug/dwarf2/inline5.c scan-assembler-not \\(DIE \\(0x([0-9a-f]*)\\) DW_TAG_lexical_block\\)[^#/!@;\\|]*[#/!@;\\|]+ +[^(].*DW_TAG_lexical_block\\)[^#/!@;\\|x]*x\\1[^#/!@;\\|]*[#/!@;\\|] +DW_AT_abstract_origin
Running /home/ljw/RISCV/riscv-gnu-toolchain/riscv-gcc/gcc/testsuite/gcc.dg/dfp/dfp.exp ...
Running /home/ljw/RISCV/riscv-gnu-toolchain/riscv-gcc/gcc/testsuite/gcc.dg/dg.exp ...
XPASS: gcc.dg/attr-alloc_size-11.c missing range info for signed char (test for warnings, line 50)
XPASS: gcc.dg/attr-alloc_size-11.c missing range info for short (test for warnings, line 51)
FAIL: c-c++-common/patchable_function_entry-decl.c  -Wc++-compat   scan-assembler-times nop|NOP|SWYM 2
FAIL: c-c++-common/patchable_function_entry-default.c  -Wc++-compat   scan-assembler-times nop|NOP|SWYM 3
FAIL: c-c++-common/patchable_function_entry-definition.c  -Wc++-compat   scan-assembler-times nop|NOP|SWYM 1
FAIL: c-c++-common/spec-barrier-1.c  -Wc++-compat  (test for excess errors)
Running /home/ljw/RISCV/riscv-gnu-toolchain/riscv-gcc/gcc/testsuite/gcc.dg/fixed-point/fixed-point.exp ...
Running /home/ljw/RISCV/riscv-gnu-toolchain/riscv-gcc/gcc/testsuite/gcc.dg/format/format.exp ...
Running /home/ljw/RISCV/riscv-gnu-toolchain/riscv-gcc/gcc/testsuite/gcc.dg/goacc-gomp/goacc-gomp.exp ...
Running /home/ljw/RISCV/riscv-gnu-toolchain/riscv-gcc/gcc/testsuite/gcc.dg/goacc/goacc.exp ...
Running /home/ljw/RISCV/riscv-gnu-toolchain/riscv-gcc/gcc/testsuite/gcc.dg/gomp/gomp.exp ...
Running /home/ljw/RISCV/riscv-gnu-toolchain/riscv-gcc/gcc/testsuite/gcc.dg/graphite/graphite.exp ...
Running /home/ljw/RISCV/riscv-gnu-toolchain/riscv-gcc/gcc/testsuite/gcc.dg/guality/guality.exp ...
Running /home/ljw/RISCV/riscv-gnu-toolchain/riscv-gcc/gcc/testsuite/gcc.dg/hwasan/hwasan.exp ...
Running /home/ljw/RISCV/riscv-gnu-toolchain/riscv-gcc/gcc/testsuite/gcc.dg/ipa/ipa.exp ...
Running /home/ljw/RISCV/riscv-gnu-toolchain/riscv-gcc/gcc/testsuite/gcc.dg/lto/lto.exp ...
Running /home/ljw/RISCV/riscv-gnu-toolchain/riscv-gcc/gcc/testsuite/gcc.dg/noncompile/noncompile.exp ...
Running /home/ljw/RISCV/riscv-gnu-toolchain/riscv-gcc/gcc/testsuite/gcc.dg/params/params.exp ...
Running /home/ljw/RISCV/riscv-gnu-toolchain/riscv-gcc/gcc/testsuite/gcc.dg/pch/pch.exp ...
Running /home/ljw/RISCV/riscv-gnu-toolchain/riscv-gcc/gcc/testsuite/gcc.dg/plugin/plugin.exp ...
FAIL: gcc.dg/plugin/diagnostic-test-expressions-1.c -fplugin=./diagnostic_plugin_test_tree_expression_range.so  1 blank line(s) in output
FAIL: gcc.dg/plugin/diagnostic-test-expressions-1.c -fplugin=./diagnostic_plugin_test_tree_expression_range.so  expected multiline pattern lines 550-551 not found: "                            __builtin_types_compatible_p \(long, int\) \+ f \(i\)\);.*\n                            ~~~~~~~~~~~~~~~~~~~~~~~~~~~~~~~~~~~~~~~~~\^~~~~~~\n"
FAIL: gcc.dg/plugin/diagnostic-test-expressions-1.c -fplugin=./diagnostic_plugin_test_tree_expression_range.so (test for excess errors)
Running /home/ljw/RISCV/riscv-gnu-toolchain/riscv-gcc/gcc/testsuite/gcc.dg/rtl/rtl.exp ...
Running /home/ljw/RISCV/riscv-gnu-toolchain/riscv-gcc/gcc/testsuite/gcc.dg/sancov/sancov.exp ...
Running /home/ljw/RISCV/riscv-gnu-toolchain/riscv-gcc/gcc/testsuite/gcc.dg/simulate-thread/simulate-thread.exp ...
Running /home/ljw/RISCV/riscv-gnu-toolchain/riscv-gcc/gcc/testsuite/gcc.dg/special/mips-abi.exp ...
Running /home/ljw/RISCV/riscv-gnu-toolchain/riscv-gcc/gcc/testsuite/gcc.dg/special/special.exp ...
Running /home/ljw/RISCV/riscv-gnu-toolchain/riscv-gcc/gcc/testsuite/gcc.dg/sso/sso.exp ...
Running /home/ljw/RISCV/riscv-gnu-toolchain/riscv-gcc/gcc/testsuite/gcc.dg/tls/tls.exp ...
Running /home/ljw/RISCV/riscv-gnu-toolchain/riscv-gcc/gcc/testsuite/gcc.dg/tm/tm.exp ...
Running /home/ljw/RISCV/riscv-gnu-toolchain/riscv-gcc/gcc/testsuite/gcc.dg/torture/dg-torture.exp ...
Running /home/ljw/RISCV/riscv-gnu-toolchain/riscv-gcc/gcc/testsuite/gcc.dg/torture/stackalign/stackalign.exp ...
Running /home/ljw/RISCV/riscv-gnu-toolchain/riscv-gcc/gcc/testsuite/gcc.dg/torture/tls/tls.exp ...
Running /home/ljw/RISCV/riscv-gnu-toolchain/riscv-gcc/gcc/testsuite/gcc.dg/tree-prof/tree-prof.exp ...
Running /home/ljw/RISCV/riscv-gnu-toolchain/riscv-gcc/gcc/testsuite/gcc.dg/tree-ssa/tree-ssa.exp ...
XPASS: gcc.dg/tree-ssa/ssa-fre-3.c scan-tree-dump fre1 "Replaced \\(int\\) aa_.*with a_"
Running /home/ljw/RISCV/riscv-gnu-toolchain/riscv-gcc/gcc/testsuite/gcc.dg/tsan/tsan.exp ...
Running /home/ljw/RISCV/riscv-gnu-toolchain/riscv-gcc/gcc/testsuite/gcc.dg/ubsan/ubsan.exp ...
Running /home/ljw/RISCV/riscv-gnu-toolchain/riscv-gcc/gcc/testsuite/gcc.dg/vect/complex/complex.exp ...
Running /home/ljw/RISCV/riscv-gnu-toolchain/riscv-gcc/gcc/testsuite/gcc.dg/vect/costmodel/i386/i386-costmodel-vect.exp ...
Running /home/ljw/RISCV/riscv-gnu-toolchain/riscv-gcc/gcc/testsuite/gcc.dg/vect/costmodel/ppc/ppc-costmodel-vect.exp ...
Running /home/ljw/RISCV/riscv-gnu-toolchain/riscv-gcc/gcc/testsuite/gcc.dg/vect/costmodel/x86_64/x86_64-costmodel-vect.exp ...
Running /home/ljw/RISCV/riscv-gnu-toolchain/riscv-gcc/gcc/testsuite/gcc.dg/vect/vect.exp ...
Running /home/ljw/RISCV/riscv-gnu-toolchain/riscv-gcc/gcc/testsuite/gcc.dg/vmx/vmx.exp ...
Running /home/ljw/RISCV/riscv-gnu-toolchain/riscv-gcc/gcc/testsuite/gcc.dg/vxworks/vxworks.exp ...
Running /home/ljw/RISCV/riscv-gnu-toolchain/riscv-gcc/gcc/testsuite/gcc.dg/weak/weak.exp ...
Running /home/ljw/RISCV/riscv-gnu-toolchain/riscv-gcc/gcc/testsuite/gcc.dg-selftests/dg-final.exp ...
Running /home/ljw/RISCV/riscv-gnu-toolchain/riscv-gcc/gcc/testsuite/gcc.misc-tests/acker1.exp ...
Running /home/ljw/RISCV/riscv-gnu-toolchain/riscv-gcc/gcc/testsuite/gcc.misc-tests/arm-isr.exp ...
Running /home/ljw/RISCV/riscv-gnu-toolchain/riscv-gcc/gcc/testsuite/gcc.misc-tests/bprob.exp ...
Running /home/ljw/RISCV/riscv-gnu-toolchain/riscv-gcc/gcc/testsuite/gcc.misc-tests/dectest.exp ...
Running /home/ljw/RISCV/riscv-gnu-toolchain/riscv-gcc/gcc/testsuite/gcc.misc-tests/dhry.exp ...
Running /home/ljw/RISCV/riscv-gnu-toolchain/riscv-gcc/gcc/testsuite/gcc.misc-tests/gcov.exp ...
Running /home/ljw/RISCV/riscv-gnu-toolchain/riscv-gcc/gcc/testsuite/gcc.misc-tests/godump.exp ...
Running /home/ljw/RISCV/riscv-gnu-toolchain/riscv-gcc/gcc/testsuite/gcc.misc-tests/help.exp ...
Running /home/ljw/RISCV/riscv-gnu-toolchain/riscv-gcc/gcc/testsuite/gcc.misc-tests/i386-prefetch.exp ...
Running /home/ljw/RISCV/riscv-gnu-toolchain/riscv-gcc/gcc/testsuite/gcc.misc-tests/linkage.exp ...
Running /home/ljw/RISCV/riscv-gnu-toolchain/riscv-gcc/gcc/testsuite/gcc.misc-tests/matrix1.exp ...
Running /home/ljw/RISCV/riscv-gnu-toolchain/riscv-gcc/gcc/testsuite/gcc.misc-tests/mg-2.exp ...
Running /home/ljw/RISCV/riscv-gnu-toolchain/riscv-gcc/gcc/testsuite/gcc.misc-tests/mg.exp ...
Running /home/ljw/RISCV/riscv-gnu-toolchain/riscv-gcc/gcc/testsuite/gcc.misc-tests/options.exp ...
Running /home/ljw/RISCV/riscv-gnu-toolchain/riscv-gcc/gcc/testsuite/gcc.misc-tests/output.exp ...
Running /home/ljw/RISCV/riscv-gnu-toolchain/riscv-gcc/gcc/testsuite/gcc.misc-tests/outputs.exp ...
Running /home/ljw/RISCV/riscv-gnu-toolchain/riscv-gcc/gcc/testsuite/gcc.misc-tests/sieve.exp ...
Running /home/ljw/RISCV/riscv-gnu-toolchain/riscv-gcc/gcc/testsuite/gcc.misc-tests/sort2.exp ...
Running /home/ljw/RISCV/riscv-gnu-toolchain/riscv-gcc/gcc/testsuite/gcc.src/maintainers.exp ...
Running /home/ljw/RISCV/riscv-gnu-toolchain/riscv-gcc/gcc/testsuite/gcc.target/aarch64/aapcs64/aapcs64.exp ...
Running /home/ljw/RISCV/riscv-gnu-toolchain/riscv-gcc/gcc/testsuite/gcc.target/aarch64/aarch64.exp ...
Running /home/ljw/RISCV/riscv-gnu-toolchain/riscv-gcc/gcc/testsuite/gcc.target/aarch64/acle/acle.exp ...
Running /home/ljw/RISCV/riscv-gnu-toolchain/riscv-gcc/gcc/testsuite/gcc.target/aarch64/advsimd-intrinsics/advsimd-intrinsics.exp ...
Running /home/ljw/RISCV/riscv-gnu-toolchain/riscv-gcc/gcc/testsuite/gcc.target/aarch64/cpunative/aarch64-cpunative.exp ...
Running /home/ljw/RISCV/riscv-gnu-toolchain/riscv-gcc/gcc/testsuite/gcc.target/aarch64/fp16/fp16.exp ...
Running /home/ljw/RISCV/riscv-gnu-toolchain/riscv-gcc/gcc/testsuite/gcc.target/aarch64/simd/simd.exp ...
Running /home/ljw/RISCV/riscv-gnu-toolchain/riscv-gcc/gcc/testsuite/gcc.target/aarch64/sls-mitigation/sls-mitigation.exp ...
Running /home/ljw/RISCV/riscv-gnu-toolchain/riscv-gcc/gcc/testsuite/gcc.target/aarch64/sve/aarch64-sve.exp ...
Running /home/ljw/RISCV/riscv-gnu-toolchain/riscv-gcc/gcc/testsuite/gcc.target/aarch64/sve/acle/aarch64-sve-acle-asm.exp ...
Running /home/ljw/RISCV/riscv-gnu-toolchain/riscv-gcc/gcc/testsuite/gcc.target/aarch64/sve/acle/aarch64-sve-acle.exp ...
Running /home/ljw/RISCV/riscv-gnu-toolchain/riscv-gcc/gcc/testsuite/gcc.target/aarch64/sve/pcs/aarch64-sve-pcs.exp ...
Running /home/ljw/RISCV/riscv-gnu-toolchain/riscv-gcc/gcc/testsuite/gcc.target/aarch64/sve2/aarch64-sve2.exp ...
Running /home/ljw/RISCV/riscv-gnu-toolchain/riscv-gcc/gcc/testsuite/gcc.target/aarch64/sve2/acle/aarch64-sve2-acle-asm.exp ...
Running /home/ljw/RISCV/riscv-gnu-toolchain/riscv-gcc/gcc/testsuite/gcc.target/aarch64/sve2/acle/aarch64-sve2-acle.exp ...
Running /home/ljw/RISCV/riscv-gnu-toolchain/riscv-gcc/gcc/testsuite/gcc.target/aarch64/torture/aarch64-torture.exp ...
Running /home/ljw/RISCV/riscv-gnu-toolchain/riscv-gcc/gcc/testsuite/gcc.target/alpha/alpha.exp ...
Running /home/ljw/RISCV/riscv-gnu-toolchain/riscv-gcc/gcc/testsuite/gcc.target/arc/arc.exp ...
Running /home/ljw/RISCV/riscv-gnu-toolchain/riscv-gcc/gcc/testsuite/gcc.target/arm/aapcs/aapcs.exp ...
Running /home/ljw/RISCV/riscv-gnu-toolchain/riscv-gcc/gcc/testsuite/gcc.target/arm/acle/acle.exp ...
Running /home/ljw/RISCV/riscv-gnu-toolchain/riscv-gcc/gcc/testsuite/gcc.target/arm/arm.exp ...
Running /home/ljw/RISCV/riscv-gnu-toolchain/riscv-gcc/gcc/testsuite/gcc.target/arm/cmse/cmse.exp ...
Running /home/ljw/RISCV/riscv-gnu-toolchain/riscv-gcc/gcc/testsuite/gcc.target/arm/lto/lto.exp ...
Running /home/ljw/RISCV/riscv-gnu-toolchain/riscv-gcc/gcc/testsuite/gcc.target/arm/multilib.exp ...
Running /home/ljw/RISCV/riscv-gnu-toolchain/riscv-gcc/gcc/testsuite/gcc.target/arm/mve/mve.exp ...
Running /home/ljw/RISCV/riscv-gnu-toolchain/riscv-gcc/gcc/testsuite/gcc.target/arm/pure-code/pure-code.exp ...
Running /home/ljw/RISCV/riscv-gnu-toolchain/riscv-gcc/gcc/testsuite/gcc.target/arm/simd/simd.exp ...
Running /home/ljw/RISCV/riscv-gnu-toolchain/riscv-gcc/gcc/testsuite/gcc.target/avr/avr.exp ...
Running /home/ljw/RISCV/riscv-gnu-toolchain/riscv-gcc/gcc/testsuite/gcc.target/avr/mmcu/avr-mmcu.exp ...
Running /home/ljw/RISCV/riscv-gnu-toolchain/riscv-gcc/gcc/testsuite/gcc.target/avr/torture/avr-torture.exp ...
Running /home/ljw/RISCV/riscv-gnu-toolchain/riscv-gcc/gcc/testsuite/gcc.target/bfin/bfin.exp ...
Running /home/ljw/RISCV/riscv-gnu-toolchain/riscv-gcc/gcc/testsuite/gcc.target/bfin/builtins/bfin-builtins.exp ...
Running /home/ljw/RISCV/riscv-gnu-toolchain/riscv-gcc/gcc/testsuite/gcc.target/bpf/bpf.exp ...
Running /home/ljw/RISCV/riscv-gnu-toolchain/riscv-gcc/gcc/testsuite/gcc.target/cris/cris.exp ...
Running /home/ljw/RISCV/riscv-gnu-toolchain/riscv-gcc/gcc/testsuite/gcc.target/cris/torture/cris-torture.exp ...
Running /home/ljw/RISCV/riscv-gnu-toolchain/riscv-gcc/gcc/testsuite/gcc.target/csky/csky.exp ...
Running /home/ljw/RISCV/riscv-gnu-toolchain/riscv-gcc/gcc/testsuite/gcc.target/epiphany/epiphany.exp ...
Running /home/ljw/RISCV/riscv-gnu-toolchain/riscv-gcc/gcc/testsuite/gcc.target/frv/frv.exp ...
Running /home/ljw/RISCV/riscv-gnu-toolchain/riscv-gcc/gcc/testsuite/gcc.target/gcn/gcn.exp ...
Running /home/ljw/RISCV/riscv-gnu-toolchain/riscv-gcc/gcc/testsuite/gcc.target/h8300/h8300.exp ...
Running /home/ljw/RISCV/riscv-gnu-toolchain/riscv-gcc/gcc/testsuite/gcc.target/hppa/hppa.exp ...
Running /home/ljw/RISCV/riscv-gnu-toolchain/riscv-gcc/gcc/testsuite/gcc.target/i386/i386.exp ...
Running /home/ljw/RISCV/riscv-gnu-toolchain/riscv-gcc/gcc/testsuite/gcc.target/i386/iamcu/abi-iamcu.exp ...
Running /home/ljw/RISCV/riscv-gnu-toolchain/riscv-gcc/gcc/testsuite/gcc.target/i386/math-torture/math-torture.exp ...
Running /home/ljw/RISCV/riscv-gnu-toolchain/riscv-gcc/gcc/testsuite/gcc.target/i386/stackalign/stackalign.exp ...
Running /home/ljw/RISCV/riscv-gnu-toolchain/riscv-gcc/gcc/testsuite/gcc.target/ia64/ia64.exp ...
Running /home/ljw/RISCV/riscv-gnu-toolchain/riscv-gcc/gcc/testsuite/gcc.target/m68k/m68k.exp ...
Running /home/ljw/RISCV/riscv-gnu-toolchain/riscv-gcc/gcc/testsuite/gcc.target/microblaze/microblaze.exp ...
Running /home/ljw/RISCV/riscv-gnu-toolchain/riscv-gcc/gcc/testsuite/gcc.target/mips/inter/mips16-inter.exp ...
Running /home/ljw/RISCV/riscv-gnu-toolchain/riscv-gcc/gcc/testsuite/gcc.target/mips/mips-nonpic/mips-nonpic.exp ...
Running /home/ljw/RISCV/riscv-gnu-toolchain/riscv-gcc/gcc/testsuite/gcc.target/mips/mips.exp ...
Running /home/ljw/RISCV/riscv-gnu-toolchain/riscv-gcc/gcc/testsuite/gcc.target/msp430/msp430.exp ...
Running /home/ljw/RISCV/riscv-gnu-toolchain/riscv-gcc/gcc/testsuite/gcc.target/nds32/nds32.exp ...
Running /home/ljw/RISCV/riscv-gnu-toolchain/riscv-gcc/gcc/testsuite/gcc.target/nios2/nios2.exp ...
Running /home/ljw/RISCV/riscv-gnu-toolchain/riscv-gcc/gcc/testsuite/gcc.target/nvptx/nvptx.exp ...
Running /home/ljw/RISCV/riscv-gnu-toolchain/riscv-gcc/gcc/testsuite/gcc.target/or1k/or1k.exp ...
Running /home/ljw/RISCV/riscv-gnu-toolchain/riscv-gcc/gcc/testsuite/gcc.target/powerpc/bfp/bfp.exp ...
Running /home/ljw/RISCV/riscv-gnu-toolchain/riscv-gcc/gcc/testsuite/gcc.target/powerpc/dfp/dfp.exp ...
Running /home/ljw/RISCV/riscv-gnu-toolchain/riscv-gcc/gcc/testsuite/gcc.target/powerpc/powerpc.exp ...
Running /home/ljw/RISCV/riscv-gnu-toolchain/riscv-gcc/gcc/testsuite/gcc.target/powerpc/ppc-fortran/ppc-fortran.exp ...
Running /home/ljw/RISCV/riscv-gnu-toolchain/riscv-gcc/gcc/testsuite/gcc.target/powerpc/vsu/vsu.exp ...
Running /home/ljw/RISCV/riscv-gnu-toolchain/riscv-gcc/gcc/testsuite/gcc.target/pru/pru.exp ...
Running /home/ljw/RISCV/riscv-gnu-toolchain/riscv-gcc/gcc/testsuite/gcc.target/riscv/riscv.exp ...
Running /home/ljw/RISCV/riscv-gnu-toolchain/riscv-gcc/gcc/testsuite/gcc.target/rl78/rl78.exp ...
Running /home/ljw/RISCV/riscv-gnu-toolchain/riscv-gcc/gcc/testsuite/gcc.target/rx/rx.exp ...
Running /home/ljw/RISCV/riscv-gnu-toolchain/riscv-gcc/gcc/testsuite/gcc.target/s390/s390.exp ...
Running /home/ljw/RISCV/riscv-gnu-toolchain/riscv-gcc/gcc/testsuite/gcc.target/sh/sh.exp ...
Running /home/ljw/RISCV/riscv-gnu-toolchain/riscv-gcc/gcc/testsuite/gcc.target/sh/torture/sh-torture.exp ...
Running /home/ljw/RISCV/riscv-gnu-toolchain/riscv-gcc/gcc/testsuite/gcc.target/sparc/sparc.exp ...
Running /home/ljw/RISCV/riscv-gnu-toolchain/riscv-gcc/gcc/testsuite/gcc.target/tic6x/builtins/c6x-builtins.exp ...
Running /home/ljw/RISCV/riscv-gnu-toolchain/riscv-gcc/gcc/testsuite/gcc.target/tic6x/tic6x.exp ...
Running /home/ljw/RISCV/riscv-gnu-toolchain/riscv-gcc/gcc/testsuite/gcc.target/vax/vax.exp ...
Running /home/ljw/RISCV/riscv-gnu-toolchain/riscv-gcc/gcc/testsuite/gcc.target/visium/visium.exp ...
Running /home/ljw/RISCV/riscv-gnu-toolchain/riscv-gcc/gcc/testsuite/gcc.target/x86_64/abi/abi-x86_64.exp ...
Running /home/ljw/RISCV/riscv-gnu-toolchain/riscv-gcc/gcc/testsuite/gcc.target/x86_64/abi/avx/abi-avx.exp ...
Running /home/ljw/RISCV/riscv-gnu-toolchain/riscv-gcc/gcc/testsuite/gcc.target/x86_64/abi/avx512f/abi-avx512f.exp ...
Running /home/ljw/RISCV/riscv-gnu-toolchain/riscv-gcc/gcc/testsuite/gcc.target/x86_64/abi/callabi/callabi.exp ...
Running /home/ljw/RISCV/riscv-gnu-toolchain/riscv-gcc/gcc/testsuite/gcc.target/x86_64/abi/ms-sysv/ms-sysv.exp ...
Running /home/ljw/RISCV/riscv-gnu-toolchain/riscv-gcc/gcc/testsuite/gcc.target/xstormy16/xstormy16.exp ...
Running /home/ljw/RISCV/riscv-gnu-toolchain/riscv-gcc/gcc/testsuite/gcc.target/xtensa/xtensa.exp ...
Running /home/ljw/RISCV/riscv-gnu-toolchain/riscv-gcc/gcc/testsuite/gcc.test-framework/test-framework.exp ...
skipping test framework tests, CHECK_TEST_FRAMEWORK is not defined

		=== gcc Summary ===

# of expected passes		113298
# of unexpected failures	30
# of unexpected successes	3
# of expected failures		605
# of unsupported tests		2533
/home/ljw/RISCV/riscv-gnu-toolchain/build/newlib/build-gcc-newlib-stage2/gcc/xgcc  version 11.1.0 (GCC) 

make[3]: Leaving directory '/home/ljw/RISCV/riscv-gnu-toolchain/build/newlib/build-gcc-newlib-stage2/gcc'
rm -rf testsuite/g++-parallel
make[3]: Entering directory '/home/ljw/RISCV/riscv-gnu-toolchain/build/newlib/build-gcc-newlib-stage2/gcc'
(rootme=`${PWDCMD-pwd}`; export rootme; \
srcdir=`cd ../../../../riscv-gcc/gcc; ${PWDCMD-pwd}` ; export srcdir ; \
if [ -n "" ] \
   && [ -n "$GCC_RUNTEST_PARALLELIZE_DIR" ] \
   && [ -f testsuite/g++-parallel/finished ]; then \
  rm -rf testsuite/g++; \
else \
  cd testsuite/g++; \
  rm -f tmp-site.exp; \
  sed '/set tmpdir/ s|testsuite$|testsuite/g++|' \
	< ../../site.exp > tmp-site.exp; \
  /bin/bash ${srcdir}/../move-if-change tmp-site.exp site.exp; \
  EXPECT=`if [ -f ${rootme}/../expect/expect ] ; then echo ${rootme}/../expect/expect ; else echo expect ; fi` ; export EXPECT ; \
  if [ -f ${rootme}/../expect/expect ] ; then  \
    TCL_LIBRARY=`cd .. ; cd ${srcdir}/../tcl/library ; ${PWDCMD-pwd}` ; \
    export TCL_LIBRARY ; \
  fi ; \
  `if [ -f ${srcdir}/../dejagnu/runtest ] ; then echo ${srcdir}/../dejagnu/runtest ; else echo runtest; fi` --tool g++ --target_board='riscv-sim/-march=rv64imafdc/-mabi=lp64d/-mcmodel=medlow'; \
  if [ -n "$GCC_RUNTEST_PARALLELIZE_DIR" ] ; then \
    touch ${rootme}/testsuite/g++-parallel/finished; \
  fi ; \
fi )
WARNING: Couldn't find the global config file.
Test run by ljw on Tue Jul 20 12:53:01 2021
Target is riscv64-unknown-elf
Host   is x86_64-pc-linux-gnu

		=== g++ tests ===

Schedule of variations:
    riscv-sim/-march=rv64imafdc/-mabi=lp64d/-mcmodel=medlow

Running target riscv-sim/-march=rv64imafdc/-mabi=lp64d/-mcmodel=medlow
Using /home/ljw/RISCV/newlib/share/dejagnu/baseboards/riscv-sim.exp as board description file for target.
Using /home/ljw/RISCV/newlib/share/dejagnu/config/sim.exp as generic interface file for target.
Using /home/ljw/RISCV/newlib/share/dejagnu/baseboards/basic-sim.exp as board description file for target.
Using /home/ljw/RISCV/riscv-gnu-toolchain/riscv-gcc/gcc/testsuite/config/default.exp as tool-and-target-specific interface file.
Running /home/ljw/RISCV/riscv-gnu-toolchain/riscv-gcc/gcc/testsuite/g++.dg/analyzer/analyzer.exp ...
Running /home/ljw/RISCV/riscv-gnu-toolchain/riscv-gcc/gcc/testsuite/g++.dg/asan/asan.exp ...
Running /home/ljw/RISCV/riscv-gnu-toolchain/riscv-gcc/gcc/testsuite/g++.dg/bprob/bprob.exp ...
Running /home/ljw/RISCV/riscv-gnu-toolchain/riscv-gcc/gcc/testsuite/g++.dg/charset/charset.exp ...
Running /home/ljw/RISCV/riscv-gnu-toolchain/riscv-gcc/gcc/testsuite/g++.dg/compat/compat.exp ...
Running /home/ljw/RISCV/riscv-gnu-toolchain/riscv-gcc/gcc/testsuite/g++.dg/compat/struct-layout-1.exp ...
Running /home/ljw/RISCV/riscv-gnu-toolchain/riscv-gcc/gcc/testsuite/g++.dg/coroutines/coroutines.exp ...
Running /home/ljw/RISCV/riscv-gnu-toolchain/riscv-gcc/gcc/testsuite/g++.dg/coroutines/torture/coro-torture.exp ...
Running /home/ljw/RISCV/riscv-gnu-toolchain/riscv-gcc/gcc/testsuite/g++.dg/debug/debug.exp ...
Running /home/ljw/RISCV/riscv-gnu-toolchain/riscv-gcc/gcc/testsuite/g++.dg/debug/dwarf2/dwarf2.exp ...
Running /home/ljw/RISCV/riscv-gnu-toolchain/riscv-gcc/gcc/testsuite/g++.dg/dfp/dfp.exp ...
Running /home/ljw/RISCV/riscv-gnu-toolchain/riscv-gcc/gcc/testsuite/g++.dg/dg.exp ...
FAIL: g++.dg/abi/pure-virtual1.C  -std=c++98 (test for excess errors)
FAIL: g++.dg/abi/pure-virtual1.C  -std=c++14 (test for excess errors)
FAIL: g++.dg/abi/pure-virtual1.C  -std=c++17 (test for excess errors)
FAIL: g++.dg/abi/pure-virtual1.C  -std=c++2a (test for excess errors)
FAIL: g++.dg/cpp2a/decomp2.C  -std=gnu++14 execution test
FAIL: g++.dg/cpp2a/decomp2.C  -std=gnu++17 execution test
FAIL: g++.dg/cpp2a/decomp2.C  -std=gnu++2a execution test
FAIL: g++.dg/warn/Wstringop-overflow-6.C  -std=gnu++14 (test for excess errors)
FAIL: g++.dg/warn/Wstringop-overflow-6.C  -std=gnu++17 (test for excess errors)
FAIL: g++.dg/warn/Wstringop-overflow-6.C  -std=gnu++2a (test for excess errors)
FAIL: c-c++-common/patchable_function_entry-decl.c  -std=gnu++98  scan-assembler-times nop|NOP|SWYM 2
FAIL: c-c++-common/patchable_function_entry-decl.c  -std=gnu++14  scan-assembler-times nop|NOP|SWYM 2
FAIL: c-c++-common/patchable_function_entry-decl.c  -std=gnu++17  scan-assembler-times nop|NOP|SWYM 2
FAIL: c-c++-common/patchable_function_entry-decl.c  -std=gnu++2a  scan-assembler-times nop|NOP|SWYM 2
FAIL: c-c++-common/patchable_function_entry-default.c  -std=gnu++98  scan-assembler-times nop|NOP|SWYM 3
FAIL: c-c++-common/patchable_function_entry-default.c  -std=gnu++14  scan-assembler-times nop|NOP|SWYM 3
FAIL: c-c++-common/patchable_function_entry-default.c  -std=gnu++17  scan-assembler-times nop|NOP|SWYM 3
FAIL: c-c++-common/patchable_function_entry-default.c  -std=gnu++2a  scan-assembler-times nop|NOP|SWYM 3
FAIL: c-c++-common/patchable_function_entry-definition.c  -std=gnu++98  scan-assembler-times nop|NOP|SWYM 1
FAIL: c-c++-common/patchable_function_entry-definition.c  -std=gnu++14  scan-assembler-times nop|NOP|SWYM 1
FAIL: c-c++-common/patchable_function_entry-definition.c  -std=gnu++17  scan-assembler-times nop|NOP|SWYM 1
FAIL: c-c++-common/patchable_function_entry-definition.c  -std=gnu++2a  scan-assembler-times nop|NOP|SWYM 1
FAIL: c-c++-common/spec-barrier-1.c  -std=gnu++98 (test for excess errors)
FAIL: c-c++-common/spec-barrier-1.c  -std=gnu++14 (test for excess errors)
FAIL: c-c++-common/spec-barrier-1.c  -std=gnu++17 (test for excess errors)
FAIL: c-c++-common/spec-barrier-1.c  -std=gnu++2a (test for excess errors)
Running /home/ljw/RISCV/riscv-gnu-toolchain/riscv-gcc/gcc/testsuite/g++.dg/gcov/gcov.exp ...
Running /home/ljw/RISCV/riscv-gnu-toolchain/riscv-gcc/gcc/testsuite/g++.dg/goacc-gomp/goacc-gomp.exp ...
Running /home/ljw/RISCV/riscv-gnu-toolchain/riscv-gcc/gcc/testsuite/g++.dg/goacc/goacc.exp ...
Running /home/ljw/RISCV/riscv-gnu-toolchain/riscv-gcc/gcc/testsuite/g++.dg/gomp/gomp.exp ...
Running /home/ljw/RISCV/riscv-gnu-toolchain/riscv-gcc/gcc/testsuite/g++.dg/graphite/graphite.exp ...
Running /home/ljw/RISCV/riscv-gnu-toolchain/riscv-gcc/gcc/testsuite/g++.dg/guality/guality.exp ...
Running /home/ljw/RISCV/riscv-gnu-toolchain/riscv-gcc/gcc/testsuite/g++.dg/hwasan/hwasan.exp ...
Running /home/ljw/RISCV/riscv-gnu-toolchain/riscv-gcc/gcc/testsuite/g++.dg/lto/lto.exp ...
Running /home/ljw/RISCV/riscv-gnu-toolchain/riscv-gcc/gcc/testsuite/g++.dg/modules/modules.exp ...
Running /home/ljw/RISCV/riscv-gnu-toolchain/riscv-gcc/gcc/testsuite/g++.dg/pch/pch.exp ...
Running /home/ljw/RISCV/riscv-gnu-toolchain/riscv-gcc/gcc/testsuite/g++.dg/plugin/plugin.exp ...
Running /home/ljw/RISCV/riscv-gnu-toolchain/riscv-gcc/gcc/testsuite/g++.dg/simulate-thread/simulate-thread.exp ...
Running /home/ljw/RISCV/riscv-gnu-toolchain/riscv-gcc/gcc/testsuite/g++.dg/special/ecos.exp ...
Running /home/ljw/RISCV/riscv-gnu-toolchain/riscv-gcc/gcc/testsuite/g++.dg/tls/tls.exp ...
Running /home/ljw/RISCV/riscv-gnu-toolchain/riscv-gcc/gcc/testsuite/g++.dg/tm/tm.exp ...
Running /home/ljw/RISCV/riscv-gnu-toolchain/riscv-gcc/gcc/testsuite/g++.dg/torture/dg-torture.exp ...
Running /home/ljw/RISCV/riscv-gnu-toolchain/riscv-gcc/gcc/testsuite/g++.dg/torture/stackalign/stackalign.exp ...
Running /home/ljw/RISCV/riscv-gnu-toolchain/riscv-gcc/gcc/testsuite/g++.dg/tree-prof/tree-prof.exp ...
Running /home/ljw/RISCV/riscv-gnu-toolchain/riscv-gcc/gcc/testsuite/g++.dg/tsan/tsan.exp ...
Running /home/ljw/RISCV/riscv-gnu-toolchain/riscv-gcc/gcc/testsuite/g++.dg/ubsan/ubsan.exp ...
Running /home/ljw/RISCV/riscv-gnu-toolchain/riscv-gcc/gcc/testsuite/g++.dg/vect/vect.exp ...
Running /home/ljw/RISCV/riscv-gnu-toolchain/riscv-gcc/gcc/testsuite/g++.old-deja/old-deja.exp ...
Running /home/ljw/RISCV/riscv-gnu-toolchain/riscv-gcc/gcc/testsuite/g++.target/aarch64/aarch64.exp ...
Running /home/ljw/RISCV/riscv-gnu-toolchain/riscv-gcc/gcc/testsuite/g++.target/aarch64/advsimd-intrinsics/advsimd-intrinsics.exp ...
Running /home/ljw/RISCV/riscv-gnu-toolchain/riscv-gcc/gcc/testsuite/g++.target/aarch64/sve/aarch64-sve.exp ...
Running /home/ljw/RISCV/riscv-gnu-toolchain/riscv-gcc/gcc/testsuite/g++.target/aarch64/sve/acle/aarch64-sve-acle-asm.exp ...
Running /home/ljw/RISCV/riscv-gnu-toolchain/riscv-gcc/gcc/testsuite/g++.target/aarch64/sve/acle/aarch64-sve-acle.exp ...
Running /home/ljw/RISCV/riscv-gnu-toolchain/riscv-gcc/gcc/testsuite/g++.target/aarch64/sve2/acle/aarch64-sve2-acle-asm.exp ...
Running /home/ljw/RISCV/riscv-gnu-toolchain/riscv-gcc/gcc/testsuite/g++.target/arm/arm.exp ...
Running /home/ljw/RISCV/riscv-gnu-toolchain/riscv-gcc/gcc/testsuite/g++.target/arm/mve.exp ...
Running /home/ljw/RISCV/riscv-gnu-toolchain/riscv-gcc/gcc/testsuite/g++.target/i386/i386.exp ...
Running /home/ljw/RISCV/riscv-gnu-toolchain/riscv-gcc/gcc/testsuite/g++.target/msp430/msp430.exp ...
Running /home/ljw/RISCV/riscv-gnu-toolchain/riscv-gcc/gcc/testsuite/g++.target/nios2/nios2.exp ...
Running /home/ljw/RISCV/riscv-gnu-toolchain/riscv-gcc/gcc/testsuite/g++.target/powerpc/powerpc.exp ...
Running /home/ljw/RISCV/riscv-gnu-toolchain/riscv-gcc/gcc/testsuite/g++.target/riscv/riscv.exp ...
Running /home/ljw/RISCV/riscv-gnu-toolchain/riscv-gcc/gcc/testsuite/g++.target/s390/s390.exp ...
Running /home/ljw/RISCV/riscv-gnu-toolchain/riscv-gcc/gcc/testsuite/g++.target/xtensa/xtensa.exp ...

		=== g++ Summary ===

# of expected passes		172985
# of unexpected failures	26
# of expected failures		706
# of unsupported tests		9570
/home/ljw/RISCV/riscv-gnu-toolchain/build/newlib/build-gcc-newlib-stage2/gcc/xg++  version 11.1.0 (GCC) 

make[3]: Leaving directory '/home/ljw/RISCV/riscv-gnu-toolchain/build/newlib/build-gcc-newlib-stage2/gcc'
make[2]: Leaving directory '/home/ljw/RISCV/riscv-gnu-toolchain/build/newlib/build-gcc-newlib-stage2/gcc'
make[1]: Leaving directory '/home/ljw/RISCV/riscv-gnu-toolchain/build/newlib/build-gcc-newlib-stage2'
mkdir -p stamps/
date > stamps/check-gcc-newlib
/home/ljw/RISCV/riscv-gnu-toolchain/build/newlib/../../scripts/testsuite-filter gcc newlib /home/ljw/RISCV/riscv-gnu-toolchain/build/newlib/../../test/allowlist `find build-gcc-newlib-stage2/gcc/testsuite/ -name *.sum |paste -sd "," -`
		=== gcc: Unexpected fails for rv64imafdc lp64d medlow ===
FAIL: gcc.dg/plugin/diagnostic-test-expressions-1.c -fplugin=./diagnostic_plugin_test_tree_expression_range.so  1 blank line(s) in output
FAIL: gcc.dg/plugin/diagnostic-test-expressions-1.c -fplugin=./diagnostic_plugin_test_tree_expression_range.so  expected multiline pattern lines 550-551 not found: "                            __builtin_types_compatible_p \(long, int\) \+ f \(i\)\);.*\n                            ~~~~~~~~~~~~~~~~~~~~~~~~~~~~~~~~~~~~~~~~~\^~~~~~~\n"
FAIL: gcc.dg/plugin/diagnostic-test-expressions-1.c -fplugin=./diagnostic_plugin_test_tree_expression_range.so (test for excess errors)

               ========= Summary of gcc testsuite =========
                            | # of unexpected case / # of unique unexpected case
                            |          gcc |          g++ |     gfortran |
 rv64imafdc/  lp64d/ medlow |    3 /     1 |    0 /     0 |      - |
make: *** [Makefile:913: report-gcc-newlib] Error 1
